<?xml version="1.0" encoding="UTF-8"?>
<robot generator="Robot 7.3.2 (Python 3.14.3 on win32)" generated="2026-02-26T23:55:50.145590" rpa="false" schemaversion="5">
<suite id="s1" name="E2Eamazon" source="c:\Users\fulma\Playwright\PlaywrightTypescript\E2Eamazon.robot">
<test id="s1-t1" name="End to End Amazon Purchase Flow" line="8">
<kw name="Open Browser" owner="SeleniumLibrary">
<msg time="2026-02-26T23:55:50.629821" level="INFO">Opening browser 'chrome' to base url 'https://www.amazon.com'.</msg>
<arg>${URL}</arg>
<arg>chrome</arg>
<doc>Opens a new browser instance to the optional ``url``.</doc>
<status status="PASS" start="2026-02-26T23:55:50.629352" elapsed="3.648624"/>
</kw>
<kw name="Maximize Browser Window" owner="SeleniumLibrary">
<doc>Maximizes current browser window.</doc>
<status status="PASS" start="2026-02-26T23:55:54.278816" elapsed="0.044862"/>
</kw>
<kw name="Set Selenium Implicit Wait" owner="SeleniumLibrary">
<arg>10s</arg>
<doc>Sets the implicit wait value used by Selenium.</doc>
<status status="PASS" start="2026-02-26T23:55:54.324651" elapsed="0.002812"/>
</kw>
<kw name="Input Text Dynamically" owner="common_utils">
<kw name="Replace String" owner="String">
<msg time="2026-02-26T23:55:54.331061" level="INFO">${dynamic_xpath} = //input[@placeholder='Search Amazon' and @role='searchbox']</msg>
<var>${dynamic_xpath}</var>
<arg>${xpath}</arg>
<arg>&lt;&lt;&lt;&gt;&gt;&gt;</arg>
<arg>${value}</arg>
<doc>Replaces ``search_for`` in the given ``string`` with ``replace_with``.</doc>
<status status="PASS" start="2026-02-26T23:55:54.330220" elapsed="0.013151"/>
</kw>
<kw name="Input Text" owner="SeleniumLibrary">
<msg time="2026-02-26T23:55:54.344890" level="INFO">Typing text 'GymBag' into text field '//input[@placeholder='Search Amazon' and @role='searchbox']'.</msg>
<arg>${dynamic_xpath}</arg>
<arg>${text}</arg>
<doc>Types the given ``text`` into the text field identified by ``locator``.</doc>
<status status="PASS" start="2026-02-26T23:55:54.343897" elapsed="4.240821"/>
</kw>
<arg>${search_box_xpath}</arg>
<arg>searchbox</arg>
<arg>GymBag</arg>
<status status="PASS" start="2026-02-26T23:55:54.328841" elapsed="4.257366"/>
</kw>
<kw name="Click Element Dynamically" owner="common_utils">
<kw name="Replace String" owner="String">
<msg time="2026-02-26T23:55:58.597548" level="INFO">${dynamic_xpath} = //input[@type='submit' and @value='Go']</msg>
<var>${dynamic_xpath}</var>
<arg>${xpath}</arg>
<arg>&lt;&lt;&lt;&gt;&gt;&gt;</arg>
<arg>${value}</arg>
<doc>Replaces ``search_for`` in the given ``string`` with ``replace_with``.</doc>
<status status="PASS" start="2026-02-26T23:55:58.596792" elapsed="0.006040"/>
</kw>
<kw name="Click Element" owner="SeleniumLibrary">
<msg time="2026-02-26T23:55:58.608907" level="INFO">Clicking element '//input[@type='submit' and @value='Go']'.</msg>
<arg>${dynamic_xpath}</arg>
<doc>Click the element identified by ``locator``.</doc>
<status status="PASS" start="2026-02-26T23:55:58.604634" elapsed="4.727894"/>
</kw>
<arg>${search_button_xpath}</arg>
<arg>Go</arg>
<status status="PASS" start="2026-02-26T23:55:58.594114" elapsed="4.738972"/>
</kw>
<kw name="Capture Page Screenshot" owner="SeleniumLibrary">
<msg time="2026-02-26T23:56:03.672182" level="INFO" html="true">&lt;/td&gt;&lt;/tr&gt;&lt;tr&gt;&lt;td colspan="3"&gt;&lt;a href="search_results.png"&gt;&lt;img src="search_results.png" width="800px"&gt;&lt;/a&gt;</msg>
<arg>search_results.png</arg>
<doc>Takes a screenshot of the current page and embeds it into a log file.</doc>
<status status="PASS" start="2026-02-26T23:56:03.339974" elapsed="0.332777"/>
</kw>
<kw name="Sleep" owner="BuiltIn">
<msg time="2026-02-26T23:56:23.676750" level="INFO">Slept 20 seconds.</msg>
<arg>20s</arg>
<doc>Pauses the test executed for the given time.</doc>
<status status="PASS" start="2026-02-26T23:56:03.674469" elapsed="20.003992"/>
</kw>
<status status="PASS" start="2026-02-26T23:55:50.628184" elapsed="33.052288"/>
</test>
<status status="PASS" start="2026-02-26T23:55:50.151327" elapsed="33.534027"/>
</suite>
<statistics>
<total>
<stat pass="1" fail="0" skip="0">All Tests</stat>
</total>
<tag>
</tag>
<suite>
<stat name="E2Eamazon" id="s1" pass="1" fail="0" skip="0">E2Eamazon</stat>
</suite>
</statistics>
<errors>
</errors>
</robot>
